<?xml version="1.0" encoding="UTF-8"?>
<robot generator="Robot 7.0 (Python 3.10.9 on darwin)" generated="2024-07-31T19:52:24.371880" rpa="false" schemaversion="5">
<suite id="s1" name="Tests" source="/Users/sugantharamachandran/PycharmProjects/SampleRobot/Tests">
<suite id="s1-s1" name="testDemo1" source="/Users/sugantharamachandran/PycharmProjects/SampleRobot/Tests/testDemo1.robot">
<test id="s1-s1-t1" name="Validate Unsuccessful login" line="11">
<kw name="Open the browser">
<kw name="Open Browser" owner="SeleniumLibrary">
<msg time="2024-07-31T19:52:24.490558" level="INFO">Opening browser 'chrome' to base url 'https://rahulshettyacademy.com/loginpagePractise/'.</msg>
<arg>https://rahulshettyacademy.com/loginpagePractise/</arg>
<arg>chrome</arg>
<doc>Opens a new browser instance to the optional ``url``.</doc>
<status status="PASS" start="2024-07-31T19:52:24.490442" elapsed="9.428483"/>
</kw>
<status status="PASS" start="2024-07-31T19:52:24.489903" elapsed="9.431575"/>
</kw>
<kw name="Fill the login form">
<kw name="Input Text" owner="SeleniumLibrary">
<msg time="2024-07-31T19:52:33.925496" level="INFO">Typing text 'sugantha' into text field 'id:username'.</msg>
<arg>id:username</arg>
<arg>sugantha</arg>
<doc>Types the given ``text`` into the text field identified by ``locator``.</doc>
<status status="PASS" start="2024-07-31T19:52:33.924793" elapsed="0.649143"/>
</kw>
<kw name="Input Text" owner="SeleniumLibrary">
<msg time="2024-07-31T19:52:34.574306" level="INFO">Typing text '12345678' into text field 'id:password'.</msg>
<arg>id:password</arg>
<arg>12345678</arg>
<doc>Types the given ``text`` into the text field identified by ``locator``.</doc>
<status status="PASS" start="2024-07-31T19:52:34.574130" elapsed="0.123024"/>
</kw>
<kw name="Click Button" owner="SeleniumLibrary">
<msg time="2024-07-31T19:52:34.697503" level="INFO">Clicking button 'signInBtn'.</msg>
<arg>signInBtn</arg>
<doc>Clicks the button identified by ``locator``.</doc>
<status status="PASS" start="2024-07-31T19:52:34.697334" elapsed="0.419763"/>
</kw>
<status status="PASS" start="2024-07-31T19:52:33.923811" elapsed="1.193400"/>
</kw>
<kw name="Wait until it displays the error message">
<kw name="Wait Until Element Is Visible" owner="SeleniumLibrary">
<arg>css:.alert-danger</arg>
<doc>Waits until the element ``locator`` is visible.</doc>
<status status="PASS" start="2024-07-31T19:52:35.118177" elapsed="2.120551"/>
</kw>
<status status="PASS" start="2024-07-31T19:52:35.117601" elapsed="2.121231"/>
</kw>
<kw name="Verify the error message is correct">
<kw name="Element Text Should Be" owner="SeleniumLibrary">
<msg time="2024-07-31T19:52:37.239458" level="INFO">Verifying element 'css:.alert-danger' contains exact text 'Incorrect username/password.'.</msg>
<arg>${expected_msg}</arg>
<arg>Incorrect username/password.</arg>
<doc>Verifies that element ``locator`` contains exact the text ``expected``.</doc>
<status status="PASS" start="2024-07-31T19:52:37.239261" elapsed="0.041741"/>
</kw>
<status status="PASS" start="2024-07-31T19:52:37.239013" elapsed="0.042093"/>
</kw>
<kw name="Close Browser" owner="SeleniumLibrary" type="TEARDOWN">
<doc>Closes the current browser.</doc>
<status status="PASS" start="2024-07-31T19:52:37.281376" elapsed="0.072110"/>
</kw>
<status status="PASS" start="2024-07-31T19:52:24.489542" elapsed="12.864208"/>
</test>
<doc>To Validate the Login form</doc>
<status status="PASS" start="2024-07-31T19:52:24.385026" elapsed="12.969380"/>
</suite>
<suite id="s1-s2" name="testDemo2" source="/Users/sugantharamachandran/PycharmProjects/SampleRobot/Tests/testDemo2.robot">
<test id="s1-s2-t1" name="Validate card" line="20">
<kw name="Open the browser" owner="resource" type="SETUP">
<kw name="Open Browser" owner="SeleniumLibrary">
<msg time="2024-07-31T19:52:37.370936" level="INFO">Opening browser 'chrome' to base url 'https://rahulshettyacademy.com/loginpagePractise/'.</msg>
<arg>${url}</arg>
<arg>chrome</arg>
<doc>Opens a new browser instance to the optional ``url``.</doc>
<status status="PASS" start="2024-07-31T19:52:37.370785" elapsed="7.497669"/>
</kw>
<status status="PASS" start="2024-07-31T19:52:37.370510" elapsed="7.499147"/>
</kw>
<kw name="Fill the login form">
<kw name="Input Text" owner="SeleniumLibrary">
<msg time="2024-07-31T19:52:44.872146" level="INFO">Typing text 'rahulshettyacademy' into text field 'id:username'.</msg>
<arg>id:username</arg>
<arg>${user_name}</arg>
<doc>Types the given ``text`` into the text field identified by ``locator``.</doc>
<status status="PASS" start="2024-07-31T19:52:44.871825" elapsed="0.605028"/>
</kw>
<kw name="Input Text" owner="SeleniumLibrary">
<msg time="2024-07-31T19:52:45.477463" level="INFO">Typing text 'learning' into text field 'id:password'.</msg>
<arg>id:password</arg>
<arg>${password}</arg>
<doc>Types the given ``text`` into the text field identified by ``locator``.</doc>
<status status="PASS" start="2024-07-31T19:52:45.477136" elapsed="0.212833"/>
</kw>
<kw name="Click Button" owner="SeleniumLibrary">
<msg time="2024-07-31T19:52:45.690315" level="INFO">Clicking button 'signInBtn'.</msg>
<arg>signInBtn</arg>
<doc>Clicks the button identified by ``locator``.</doc>
<status status="PASS" start="2024-07-31T19:52:45.690147" elapsed="0.525228"/>
</kw>
<arg>${user_name}</arg>
<arg>${valid_password}</arg>
<status status="PASS" start="2024-07-31T19:52:44.871015" elapsed="1.344541"/>
</kw>
<kw name="Wait Until Element an element is located">
<kw name="Wait Until Element Is Visible" owner="SeleniumLibrary">
<arg>${element}</arg>
<doc>Waits until the element ``locator`` is visible.</doc>
<status status="PASS" start="2024-07-31T19:52:46.216146" elapsed="5.594748"/>
</kw>
<arg>${checkout_button}</arg>
<status status="PASS" start="2024-07-31T19:52:46.215814" elapsed="5.595221"/>
</kw>
<kw name="Verify card titles in the shop page">
<kw name="Create List" owner="BuiltIn">
<msg time="2024-07-31T19:52:51.811805" level="INFO">@{expected_list} = [ iphone X | Samsung Note 8 | Nokia Edge | Blackberry ]</msg>
<var>@{expected_list}</var>
<arg>iphone X</arg>
<arg>Samsung Note 8</arg>
<arg>Nokia Edge</arg>
<arg>Blackberry</arg>
<doc>Returns a list containing given items.</doc>
<status status="PASS" start="2024-07-31T19:52:51.811634" elapsed="0.000194"/>
</kw>
<kw name="Get WebElements" owner="SeleniumLibrary">
<msg time="2024-07-31T19:52:51.845240" level="INFO">${element_list} = [&lt;selenium.webdriver.remote.webelement.WebElement (session="c2413eddf31e55937859017b57e5fc0b", element="f.61A895964DD5ADE0F6EC347419E41AF6.d.857C778CA1FCA3BCD285226F886584F6.e.59")&gt;, &lt;selenium.webdriv...</msg>
<var>${element_list}</var>
<arg>css:.card-title</arg>
<doc>Returns a list of WebElement objects matching the ``locator``.</doc>
<status status="PASS" start="2024-07-31T19:52:51.811930" elapsed="0.033349"/>
</kw>
<kw name="Create List" owner="BuiltIn">
<msg time="2024-07-31T19:52:51.845562" level="INFO">@{actual_list} = [ ]</msg>
<var>@{actual_list}</var>
<doc>Returns a list containing given items.</doc>
<status status="PASS" start="2024-07-31T19:52:51.845427" elapsed="0.000154"/>
</kw>
<for flavor="IN">
<iter>
<kw name="Log" owner="BuiltIn">
<msg time="2024-07-31T19:52:51.927057" level="INFO">iphone X</msg>
<arg>${element.text}</arg>
<doc>Logs the given message with the given level.</doc>
<status status="PASS" start="2024-07-31T19:52:51.845887" elapsed="0.081227"/>
</kw>
<kw name="Append To List" owner="Collections">
<arg>${actual_list}</arg>
<arg>${element.text}</arg>
<doc>Adds ``values`` to the end of ``list``.</doc>
<status status="PASS" start="2024-07-31T19:52:51.927262" elapsed="0.090480"/>
</kw>
<var name="${element}">&lt;selenium.webdriver.remote.webelement.WebElement (session="c2413eddf31e55937859017b57e5fc0b", element="f.61A895964DD5ADE0F6EC347419E41AF6.d.857C778CA1FCA3BCD285226F886584F6.e.59")&gt;</var>
<status status="PASS" start="2024-07-31T19:52:51.845796" elapsed="0.172026"/>
</iter>
<iter>
<kw name="Log" owner="BuiltIn">
<msg time="2024-07-31T19:52:52.023649" level="INFO">Samsung Note 8</msg>
<arg>${element.text}</arg>
<doc>Logs the given message with the given level.</doc>
<status status="PASS" start="2024-07-31T19:52:52.018044" elapsed="0.005659"/>
</kw>
<kw name="Append To List" owner="Collections">
<arg>${actual_list}</arg>
<arg>${element.text}</arg>
<doc>Adds ``values`` to the end of ``list``.</doc>
<status status="PASS" start="2024-07-31T19:52:52.023885" elapsed="0.004570"/>
</kw>
<var name="${element}">&lt;selenium.webdriver.remote.webelement.WebElement (session="c2413eddf31e55937859017b57e5fc0b", element="f.61A895964DD5ADE0F6EC347419E41AF6.d.857C778CA1FCA3BCD285226F886584F6.e.60")&gt;</var>
<status status="PASS" start="2024-07-31T19:52:52.017956" elapsed="0.010564"/>
</iter>
<iter>
<kw name="Log" owner="BuiltIn">
<msg time="2024-07-31T19:52:52.033679" level="INFO">Nokia Edge</msg>
<arg>${element.text}</arg>
<doc>Logs the given message with the given level.</doc>
<status status="PASS" start="2024-07-31T19:52:52.028718" elapsed="0.005025"/>
</kw>
<kw name="Append To List" owner="Collections">
<arg>${actual_list}</arg>
<arg>${element.text}</arg>
<doc>Adds ``values`` to the end of ``list``.</doc>
<status status="PASS" start="2024-07-31T19:52:52.033885" elapsed="0.005116"/>
</kw>
<var name="${element}">&lt;selenium.webdriver.remote.webelement.WebElement (session="c2413eddf31e55937859017b57e5fc0b", element="f.61A895964DD5ADE0F6EC347419E41AF6.d.857C778CA1FCA3BCD285226F886584F6.e.61")&gt;</var>
<status status="PASS" start="2024-07-31T19:52:52.028631" elapsed="0.010428"/>
</iter>
<iter>
<kw name="Log" owner="BuiltIn">
<msg time="2024-07-31T19:52:52.044517" level="INFO">Blackberry</msg>
<arg>${element.text}</arg>
<doc>Logs the given message with the given level.</doc>
<status status="PASS" start="2024-07-31T19:52:52.039233" elapsed="0.005321"/>
</kw>
<kw name="Append To List" owner="Collections">
<arg>${actual_list}</arg>
<arg>${element.text}</arg>
<doc>Adds ``values`` to the end of ``list``.</doc>
<status status="PASS" start="2024-07-31T19:52:52.044645" elapsed="0.009322"/>
</kw>
<var name="${element}">&lt;selenium.webdriver.remote.webelement.WebElement (session="c2413eddf31e55937859017b57e5fc0b", element="f.61A895964DD5ADE0F6EC347419E41AF6.d.857C778CA1FCA3BCD285226F886584F6.e.62")&gt;</var>
<status status="PASS" start="2024-07-31T19:52:52.039161" elapsed="0.014871"/>
</iter>
<var>${element}</var>
<value>@{element_list}</value>
<status status="PASS" start="2024-07-31T19:52:51.845654" elapsed="0.208419"/>
</for>
<kw name="Lists Should Be Equal" owner="Collections">
<msg time="2024-07-31T19:52:52.054537" level="INFO">False</msg>
<arg>${actual_list}</arg>
<arg>${expected_list}</arg>
<doc>Fails if given lists are unequal.</doc>
<status status="PASS" start="2024-07-31T19:52:52.054191" elapsed="0.000376"/>
</kw>
<status status="PASS" start="2024-07-31T19:52:51.811341" elapsed="0.243281"/>
</kw>
<kw name="Select the card">
<kw name="Get WebElements" owner="SeleniumLibrary">
<msg time="2024-07-31T19:52:52.088878" level="INFO">${card_list} = [&lt;selenium.webdriver.remote.webelement.WebElement (session="c2413eddf31e55937859017b57e5fc0b", element="f.61A895964DD5ADE0F6EC347419E41AF6.d.857C778CA1FCA3BCD285226F886584F6.e.59")&gt;, &lt;selenium.webdriv...</msg>
<var>${card_list}</var>
<arg>css:.card-title</arg>
<doc>Returns a list of WebElement objects matching the ``locator``.</doc>
<status status="PASS" start="2024-07-31T19:52:52.054983" elapsed="0.033927"/>
</kw>
<kw name="Set Variable" owner="BuiltIn">
<msg time="2024-07-31T19:52:52.089148" level="INFO">${index} = 1</msg>
<var>${index}</var>
<arg>1</arg>
<doc>Returns the given values which can then be assigned to a variables.</doc>
<status status="PASS" start="2024-07-31T19:52:52.089034" elapsed="0.000131"/>
</kw>
<for flavor="IN">
<iter>
<kw name="Exit For Loop If" owner="BuiltIn">
<arg>'${card.text}' == '${card_name}'</arg>
<doc>Stops executing the enclosing FOR loop if the ``condition`` is true.</doc>
<status status="PASS" start="2024-07-31T19:52:52.089386" elapsed="0.023435"/>
</kw>
<kw name="Evaluate" owner="BuiltIn">
<msg time="2024-07-31T19:52:52.113257" level="INFO">${index} = 2</msg>
<var>${index}</var>
<arg>${index} + 1</arg>
<doc>Evaluates the given expression in Python and returns the result.</doc>
<status status="PASS" start="2024-07-31T19:52:52.112942" elapsed="0.000334"/>
</kw>
<var name="${card}">&lt;selenium.webdriver.remote.webelement.WebElement (session="c2413eddf31e55937859017b57e5fc0b", element="f.61A895964DD5ADE0F6EC347419E41AF6.d.857C778CA1FCA3BCD285226F886584F6.e.59")&gt;</var>
<status status="PASS" start="2024-07-31T19:52:52.089315" elapsed="0.023995"/>
</iter>
<iter>
<kw name="Exit For Loop If" owner="BuiltIn">
<arg>'${card.text}' == '${card_name}'</arg>
<doc>Stops executing the enclosing FOR loop if the ``condition`` is true.</doc>
<status status="PASS" start="2024-07-31T19:52:52.113446" elapsed="0.011048"/>
</kw>
<kw name="Evaluate" owner="BuiltIn">
<msg time="2024-07-31T19:52:52.124739" level="INFO">${index} = 3</msg>
<var>${index}</var>
<arg>${index} + 1</arg>
<doc>Evaluates the given expression in Python and returns the result.</doc>
<status status="PASS" start="2024-07-31T19:52:52.124604" elapsed="0.000153"/>
</kw>
<var name="${card}">&lt;selenium.webdriver.remote.webelement.WebElement (session="c2413eddf31e55937859017b57e5fc0b", element="f.61A895964DD5ADE0F6EC347419E41AF6.d.857C778CA1FCA3BCD285226F886584F6.e.60")&gt;</var>
<status status="PASS" start="2024-07-31T19:52:52.113388" elapsed="0.011402"/>
</iter>
<iter>
<kw name="Exit For Loop If" owner="BuiltIn">
<arg>'${card.text}' == '${card_name}'</arg>
<doc>Stops executing the enclosing FOR loop if the ``condition`` is true.</doc>
<status status="PASS" start="2024-07-31T19:52:52.124919" elapsed="0.010261"/>
</kw>
<kw name="Evaluate" owner="BuiltIn">
<msg time="2024-07-31T19:52:52.135447" level="INFO">${index} = 4</msg>
<var>${index}</var>
<arg>${index} + 1</arg>
<doc>Evaluates the given expression in Python and returns the result.</doc>
<status status="PASS" start="2024-07-31T19:52:52.135313" elapsed="0.000151"/>
</kw>
<var name="${card}">&lt;selenium.webdriver.remote.webelement.WebElement (session="c2413eddf31e55937859017b57e5fc0b", element="f.61A895964DD5ADE0F6EC347419E41AF6.d.857C778CA1FCA3BCD285226F886584F6.e.61")&gt;</var>
<status status="PASS" start="2024-07-31T19:52:52.124863" elapsed="0.010633"/>
</iter>
<iter>
<kw name="Exit For Loop If" owner="BuiltIn">
<msg time="2024-07-31T19:52:52.145744" level="INFO">Exiting for loop altogether.</msg>
<arg>'${card.text}' == '${card_name}'</arg>
<doc>Stops executing the enclosing FOR loop if the ``condition`` is true.</doc>
<status status="PASS" start="2024-07-31T19:52:52.135624" elapsed="0.010189"/>
</kw>
<kw name="Evaluate" owner="BuiltIn">
<var>${index}</var>
<arg>${index} + 1</arg>
<doc>Evaluates the given expression in Python and returns the result.</doc>
<status status="NOT RUN" start="2024-07-31T19:52:52.145917" elapsed="0.000019"/>
</kw>
<var name="${card}">&lt;selenium.webdriver.remote.webelement.WebElement (session="c2413eddf31e55937859017b57e5fc0b", element="f.61A895964DD5ADE0F6EC347419E41AF6.d.857C778CA1FCA3BCD285226F886584F6.e.62")&gt;</var>
<status status="PASS" start="2024-07-31T19:52:52.135569" elapsed="0.010396"/>
</iter>
<var>${card}</var>
<value>@{card_list}</value>
<status status="PASS" start="2024-07-31T19:52:52.089213" elapsed="0.056783"/>
</for>
<kw name="Click Button" owner="SeleniumLibrary">
<msg time="2024-07-31T19:52:52.146211" level="INFO">Clicking button 'xpath:(//*[@class='card-footer'])[4]/button'.</msg>
<arg>xpath:(//*[@class='card-footer'])[${index}]/button</arg>
<doc>Clicks the button identified by ``locator``.</doc>
<status status="PASS" start="2024-07-31T19:52:52.146068" elapsed="0.321711"/>
</kw>
<arg>Blackberry</arg>
<status status="PASS" start="2024-07-31T19:52:52.054796" elapsed="0.413106"/>
</kw>
<status status="PASS" start="2024-07-31T19:52:37.370174" elapsed="15.097912"/>
</test>
<doc>To Validate the Login form</doc>
<status status="PASS" start="2024-07-31T19:52:37.354862" elapsed="15.113515"/>
</suite>
<status status="PASS" start="2024-07-31T19:52:24.372967" elapsed="28.095820"/>
</suite>
<statistics>
<total>
<stat pass="2" fail="0" skip="0">All Tests</stat>
</total>
<tag>
</tag>
<suite>
<stat pass="2" fail="0" skip="0" id="s1" name="Tests">Tests</stat>
<stat pass="1" fail="0" skip="0" id="s1-s1" name="testDemo1">Tests.testDemo1</stat>
<stat pass="1" fail="0" skip="0" id="s1-s2" name="testDemo2">Tests.testDemo2</stat>
</suite>
</statistics>
<errors>
</errors>
</robot>
